Flow report for VGA
Wed May 22 00:05:12 2024
Quartus II 64-Bit Version 13.1.0 Build 162 10/23/2013 SJ Web Edition


---------------------
; Table of Contents ;
---------------------
  1. Legal Notice
  2. Flow Summary
  3. Flow Settings
  4. Flow Non-Default Global Settings
  5. Flow Elapsed Time
  6. Flow OS Summary
  7. Flow Log
  8. Flow Messages
  9. Flow Suppressed Messages



----------------
; Legal Notice ;
----------------
Copyright (C) 1991-2013 Altera Corporation
Your use of Altera Corporation's design tools, logic functions 
and other software and tools, and its AMPP partner logic 
functions, and any output files from any of the foregoing 
(including device programming or simulation files), and any 
associated documentation or information are expressly subject 
to the terms and conditions of the Altera Program License 
Subscription Agreement, Altera MegaCore Function License 
Agreement, or other applicable license agreement, including, 
without limitation, that your use is for the sole purpose of 
programming logic devices manufactured by Altera and sold by 
Altera or its authorized distributors.  Please refer to the 
applicable agreement for further details.



+------------------------------------------------------------------------------+
; Flow Summary                                                                 ;
+---------------------------------+--------------------------------------------+
; Flow Status                     ; Successful - Wed May 22 00:05:12 2024      ;
; Quartus II 64-Bit Version       ; 13.1.0 Build 162 10/23/2013 SJ Web Edition ;
; Revision Name                   ; VGA                                        ;
; Top-level Entity Name           ; VGA                                        ;
; Family                          ; Cyclone V                                  ;
; Device                          ; 5CSEMA5F31C6                               ;
; Timing Models                   ; Preliminary                                ;
; Logic utilization (in ALMs)     ; 15,466 / 32,070 ( 48 % )                   ;
; Total registers                 ; 653                                        ;
; Total pins                      ; 65 / 457 ( 14 % )                          ;
; Total virtual pins              ; 0                                          ;
; Total block memory bits         ; 0 / 4,065,280 ( 0 % )                      ;
; Total DSP Blocks                ; 5 / 87 ( 6 % )                             ;
; Total HSSI RX PCSs              ; 0                                          ;
; Total HSSI PMA RX Deserializers ; 0                                          ;
; Total HSSI TX PCSs              ; 0                                          ;
; Total HSSI TX Channels          ; 0                                          ;
; Total PLLs                      ; 1 / 6 ( 17 % )                             ;
; Total DLLs                      ; 0 / 4 ( 0 % )                              ;
+---------------------------------+--------------------------------------------+


+-----------------------------------------+
; Flow Settings                           ;
+-------------------+---------------------+
; Option            ; Setting             ;
+-------------------+---------------------+
; Start date & time ; 05/21/2024 23:00:18 ;
; Main task         ; Compilation         ;
; Revision Name     ; VGA                 ;
+-------------------+---------------------+


+--------------------------------------------------------------------------------------------------------------------------------------------+
; Flow Non-Default Global Settings                                                                                                           ;
+-------------------------------------+-------------------------------------------------------+---------------+-------------+----------------+
; Assignment Name                     ; Value                                                 ; Default Value ; Entity Name ; Section Id     ;
+-------------------------------------+-------------------------------------------------------+---------------+-------------+----------------+
; COMPILER_SIGNATURE_ID               ; 198208552058351.171632161807788                       ; --            ; --          ; --             ;
; EDA_OUTPUT_DATA_FORMAT              ; Vhdl                                                  ; --            ; --          ; eda_simulation ;
; EDA_SIMULATION_TOOL                 ; ModelSim-Altera (VHDL)                                ; <None>        ; --          ; --             ;
; IP_TOOL_ENV                         ; Qsys                                                  ; --            ; PLL         ; --             ;
; IP_TOOL_ENV                         ; Qsys                                                  ; --            ; PLL_pll_0   ; --             ;
; IP_TOOL_NAME                        ; Qsys                                                  ; --            ; PLL         ; --             ;
; IP_TOOL_NAME                        ; altera_pll                                            ; --            ; PLL_pll_0   ; --             ;
; IP_TOOL_VERSION                     ; 13.1                                                  ; --            ; PLL         ; --             ;
; IP_TOOL_VERSION                     ; 13.1                                                  ; --            ; PLL_pll_0   ; --             ;
; MAX_CORE_JUNCTION_TEMP              ; 85                                                    ; --            ; --          ; --             ;
; MIN_CORE_JUNCTION_TEMP              ; 0                                                     ; --            ; --          ; --             ;
; MISC_FILE                           ; PLL/synthesis/../../PLL.cmp                           ; --            ; --          ; --             ;
; MISC_FILE                           ; PLL/synthesis/../../PLL.qsys                          ; --            ; --          ; --             ;
; PARTITION_COLOR                     ; 16764057                                              ; --            ; --          ; Top            ;
; PARTITION_FITTER_PRESERVATION_LEVEL ; PLACEMENT_AND_ROUTING                                 ; --            ; --          ; Top            ;
; PARTITION_NETLIST_TYPE              ; SOURCE                                                ; --            ; --          ; Top            ;
; POWER_BOARD_THERMAL_MODEL           ; None (CONSERVATIVE)                                   ; --            ; --          ; --             ;
; POWER_PRESET_COOLING_SOLUTION       ; 23 MM HEAT SINK WITH 200 LFPM AIRFLOW                 ; --            ; --          ; --             ;
; PROJECT_OUTPUT_DIRECTORY            ; output_files                                          ; --            ; --          ; --             ;
; SLD_FILE                            ; PLL/synthesis/PLL.debuginfo                           ; --            ; --          ; --             ;
; SLD_INFO                            ; QSYS_NAME PLL HAS_SOPCINFO 1 GENERATION_ID 1715975855 ; --            ; PLL         ; --             ;
; SOPCINFO_FILE                       ; PLL/synthesis/../../PLL.sopcinfo                      ; --            ; --          ; --             ;
; SYNTHESIS_ONLY_QIP                  ; On                                                    ; --            ; --          ; --             ;
+-------------------------------------+-------------------------------------------------------+---------------+-------------+----------------+


+-------------------------------------------------------------------------------------------------------------------------------+
; Flow Elapsed Time                                                                                                             ;
+---------------------------+--------------+-------------------------+---------------------+------------------------------------+
; Module Name               ; Elapsed Time ; Average Processors Used ; Peak Virtual Memory ; Total CPU Time (on all processors) ;
+---------------------------+--------------+-------------------------+---------------------+------------------------------------+
; Analysis & Synthesis      ; 00:01:04     ; 2.2                     ; 5475 MB             ; 00:02:02                           ;
; Fitter                    ; 01:02:52     ; 5.8                     ; 6512 MB             ; 01:05:35                           ;
; Assembler                 ; 00:00:16     ; 1.0                     ; 4923 MB             ; 00:00:16                           ;
; TimeQuest Timing Analyzer ; 00:00:27     ; 3.8                     ; 5340 MB             ; 00:01:29                           ;
; EDA Netlist Writer        ; 00:00:02     ; 1.0                     ; 4828 MB             ; 00:00:02                           ;
; Total                     ; 01:04:41     ; --                      ; --                  ; 01:09:24                           ;
+---------------------------+--------------+-------------------------+---------------------+------------------------------------+


+----------------------------------------------------------------------------------------+
; Flow OS Summary                                                                        ;
+---------------------------+------------------+-----------+------------+----------------+
; Module Name               ; Machine Hostname ; OS Name   ; OS Version ; Processor type ;
+---------------------------+------------------+-----------+------------+----------------+
; Analysis & Synthesis      ; DESKTOP-DAH110T  ; Windows 7 ; 6.2        ; x86_64         ;
; Fitter                    ; DESKTOP-DAH110T  ; Windows 7 ; 6.2        ; x86_64         ;
; Assembler                 ; DESKTOP-DAH110T  ; Windows 7 ; 6.2        ; x86_64         ;
; TimeQuest Timing Analyzer ; DESKTOP-DAH110T  ; Windows 7 ; 6.2        ; x86_64         ;
; EDA Netlist Writer        ; DESKTOP-DAH110T  ; Windows 7 ; 6.2        ; x86_64         ;
+---------------------------+------------------+-----------+------------+----------------+


------------
; Flow Log ;
------------
quartus_map --read_settings_files=on --write_settings_files=off VGA -c VGA
quartus_fit --read_settings_files=off --write_settings_files=off VGA -c VGA
quartus_asm --read_settings_files=off --write_settings_files=off VGA -c VGA
quartus_sta VGA -c VGA
quartus_eda --read_settings_files=off --write_settings_files=off VGA -c VGA



